<?xml version="1.0" encoding="UTF-8"?>
<!-- Generated by org.testng.reporters.JUnitReportReporter -->
<testsuite hostname="Magnus-Laptop" failures="0" tests="3" name="com.qa.saucedemo.tests.ConfirmationTest" time="1.615" errors="0" timestamp="2024-04-12T16:38:53 IST" skipped="0">
  <testcase classname="com.qa.saucedemo.tests.ConfirmationTest" name="loginTest" time="0.394"/>
  <system-out/>
  <testcase classname="com.qa.saucedemo.tests.ConfirmationTest" name="verifyItemTotalTest" time="1.195"/>
  <system-out/>
  <testcase classname="com.qa.saucedemo.tests.ConfirmationTest" name="verifyOrderConfirmation" time="0.026"/>
  <system-out/>
</testsuite> <!-- com.qa.saucedemo.tests.ConfirmationTest -->
