<?xml version="1.0" encoding="UTF-8"?>
<!-- Generated by org.testng.reporters.JUnitReportReporter -->
<testsuite hostname="DESKTOP-NCNPT55" failures="0" tests="1" name="com.qa.saucedemo.tests.LoginPageTest" time="0.060" errors="0" timestamp="2024-04-08T13:20:30 IST" skipped="0">
  <testcase classname="com.qa.saucedemo.tests.LoginPageTest" name="loginPageTitleTest" time="0.060"/>
  <system-out/>
</testsuite> <!-- com.qa.saucedemo.tests.LoginPageTest -->
